c:\users\thile\onedrive\documenten\jaar2dae\prog4\minigin\exam_assignment\minigin\win32\debug\minigin.pch
c:\users\thile\onedrive\documenten\jaar2dae\prog4\minigin\exam_assignment\minigin\win32\debug\vc141.pdb
c:\users\thile\onedrive\documenten\jaar2dae\prog4\minigin\exam_assignment\minigin\win32\debug\vc141.idb
c:\users\thile\onedrive\documenten\jaar2dae\prog4\minigin\exam_assignment\minigin\win32\debug\miniginpch.obj
c:\users\thile\onedrive\documenten\jaar2dae\prog4\minigin\exam_assignment\minigin\win32\debug\minigin.pdb
c:\users\thile\onedrive\documenten\jaar2dae\prog4\minigin\exam_assignment\minigin\win32\debug\minigin.idb
c:\users\thile\onedrive\documenten\jaar2dae\prog4\minigin\exam_assignment\minigin\win32\debug\transform.obj
c:\users\thile\onedrive\documenten\jaar2dae\prog4\minigin\exam_assignment\minigin\win32\debug\texture2d.obj
c:\users\thile\onedrive\documenten\jaar2dae\prog4\minigin\exam_assignment\minigin\win32\debug\statemachinecomponent.obj
c:\users\thile\onedrive\documenten\jaar2dae\prog4\minigin\exam_assignment\minigin\win32\debug\scenemanager.obj
c:\users\thile\onedrive\documenten\jaar2dae\prog4\minigin\exam_assignment\minigin\win32\debug\scene.obj
c:\users\thile\onedrive\documenten\jaar2dae\prog4\minigin\exam_assignment\minigin\win32\debug\resourcemanager.obj
c:\users\thile\onedrive\documenten\jaar2dae\prog4\minigin\exam_assignment\minigin\win32\debug\renderer.obj
c:\users\thile\onedrive\documenten\jaar2dae\prog4\minigin\exam_assignment\minigin\win32\debug\rendercomponent.obj
c:\users\thile\onedrive\documenten\jaar2dae\prog4\minigin\exam_assignment\minigin\win32\debug\minigin.obj
c:\users\thile\onedrive\documenten\jaar2dae\prog4\minigin\exam_assignment\minigin\win32\debug\main.obj
c:\users\thile\onedrive\documenten\jaar2dae\prog4\minigin\exam_assignment\minigin\win32\debug\log.obj
c:\users\thile\onedrive\documenten\jaar2dae\prog4\minigin\exam_assignment\minigin\win32\debug\inputmanager.obj
c:\users\thile\onedrive\documenten\jaar2dae\prog4\minigin\exam_assignment\minigin\win32\debug\inputcomponent.obj
c:\users\thile\onedrive\documenten\jaar2dae\prog4\minigin\exam_assignment\minigin\win32\debug\gameobject.obj
c:\users\thile\onedrive\documenten\jaar2dae\prog4\minigin\exam_assignment\minigin\win32\debug\font.obj
c:\users\thile\onedrive\documenten\jaar2dae\prog4\minigin\exam_assignment\minigin\win32\debug\basecomponent.obj
c:\users\thile\onedrive\documenten\jaar2dae\prog4\minigin\exam_assignment\win32\debug\minigin.lib
c:\users\thile\onedrive\documenten\jaar2dae\prog4\minigin\exam_assignment\win32\debug\minigin.ilk
c:\users\thile\onedrive\documenten\jaar2dae\prog4\minigin\exam_assignment\win32\debug\minigin.exe
c:\users\thile\onedrive\documenten\jaar2dae\prog4\minigin\exam_assignment\win32\debug\minigin.pdb
c:\users\thile\onedrive\documenten\jaar2dae\prog4\minigin\exam_assignment\win32\debug\minigin.exp
c:\users\thile\onedrive\documenten\jaar2dae\prog4\minigin\exam_assignment\minigin\win32\debug\minigin.tlog\cl.command.1.tlog
c:\users\thile\onedrive\documenten\jaar2dae\prog4\minigin\exam_assignment\minigin\win32\debug\minigin.tlog\cl.read.1.tlog
c:\users\thile\onedrive\documenten\jaar2dae\prog4\minigin\exam_assignment\minigin\win32\debug\minigin.tlog\cl.write.1.tlog
c:\users\thile\onedrive\documenten\jaar2dae\prog4\minigin\exam_assignment\minigin\win32\debug\minigin.tlog\lib-link.read.1.tlog
c:\users\thile\onedrive\documenten\jaar2dae\prog4\minigin\exam_assignment\minigin\win32\debug\minigin.tlog\lib-link.write.1.tlog
c:\users\thile\onedrive\documenten\jaar2dae\prog4\minigin\exam_assignment\minigin\win32\debug\minigin.tlog\lib.command.1.tlog
c:\users\thile\onedrive\documenten\jaar2dae\prog4\minigin\exam_assignment\minigin\win32\debug\minigin.tlog\link.command.1.tlog
c:\users\thile\onedrive\documenten\jaar2dae\prog4\minigin\exam_assignment\minigin\win32\debug\minigin.tlog\link.read.1.tlog
c:\users\thile\onedrive\documenten\jaar2dae\prog4\minigin\exam_assignment\minigin\win32\debug\minigin.tlog\link.write.1.tlog
c:\users\thile\onedrive\documenten\jaar2dae\prog4\minigin\exam_assignment\minigin\win32\debug\minigin.tlog\minigin.write.1u.tlog
